<?xml version="1.0" encoding="UTF-8"?>
<!-- Generated by org.testng.reporters.JUnitReportReporter -->
<testsuite hostname="DESKTOP-FJBLVPL" name="com.tests.NewTest" tests="1" failures="0" timestamp="5 Jul 2020 05:49:45 GMT" time="1.931" errors="0">
  <testcase name="f" time="1.931" classname="com.tests.NewTest"/>
</testsuite> <!-- com.tests.NewTest -->
