<?xml version="1.0" encoding="UTF-8"?>
<!-- Generated by org.testng.reporters.JUnitReportReporter -->
<testsuite hostname="DESKTOP-FJBLVPL" name="com.tests.NewTest" tests="1" failures="0" timestamp="2 Jul 2020 06:18:16 GMT" time="1.839" errors="0">
  <testcase name="f" time="1.839" classname="com.tests.NewTest"/>
</testsuite> <!-- com.tests.NewTest -->
