<?xml version="1.0" encoding="UTF-8"?>
<!-- Generated by org.testng.reporters.JUnitReportReporter -->
<testsuite hostname="DESKTOP-FJBLVPL" name="com.tests.Dummy" tests="1" failures="0" timestamp="27 Jun 2020 07:03:02 GMT" time="6.231" errors="0">
  <testcase name="f" time="6.231" classname="com.tests.Dummy"/>
</testsuite> <!-- com.tests.Dummy -->
