<?xml version="1.0" encoding="UTF-8"?>
<!-- Generated by org.testng.reporters.JUnitReportReporter -->
<testsuite hostname="DESKTOP-FJBLVPL" name="com.tests.UserRegistrationTest" tests="1" failures="0" timestamp="5 Jul 2020 06:14:04 GMT" time="20.730" errors="0">
  <testcase name="userRegistrationTest" time="20.730" classname="com.tests.UserRegistrationTest"/>
</testsuite> <!-- com.tests.UserRegistrationTest -->
