<?xml version="1.0" encoding="UTF-8"?>
<!-- Generated by org.testng.reporters.JUnitReportReporter -->
<testsuite hostname="DESKTOP-FJBLVPL" name="com.tests.EmployeeRegistrationTest" tests="1" failures="0" timestamp="30 Jun 2020 06:32:57 GMT" time="25.443" errors="0">
  <testcase name="f" time="25.443" classname="com.tests.EmployeeRegistrationTest"/>
</testsuite> <!-- com.tests.EmployeeRegistrationTest -->
