<?xml version="1.0" encoding="UTF-8"?>
<!-- Generated by org.testng.reporters.JUnitReportReporter -->
<testsuite hostname="DESKTOP-FJBLVPL" name="com.tests.UserRegistrationTest" tests="1" failures="0" timestamp="30 Jun 2020 06:19:55 GMT" time="23.908" errors="0">
  <testcase name="userRegistrationTest" time="23.908" classname="com.tests.UserRegistrationTest"/>
</testsuite> <!-- com.tests.UserRegistrationTest -->
