<?xml version="1.0" encoding="UTF-8"?>
<!-- Generated by org.testng.reporters.JUnitReportReporter -->
<testsuite hostname="DESKTOP-FJBLVPL" name="com.tests.AssignLeaveTest" tests="1" failures="0" timestamp="30 Jun 2020 06:57:40 GMT" time="26.700" errors="0">
  <testcase name="assignLeave" time="26.700" classname="com.tests.AssignLeaveTest"/>
</testsuite> <!-- com.tests.AssignLeaveTest -->
