<?xml version="1.0" encoding="UTF-8"?>
<!-- Generated by org.testng.reporters.JUnitReportReporter -->
<testsuite hostname="DESKTOP-FJBLVPL" name="com.tests.EmployeeRegistrationTest" tests="1" failures="0" timestamp="5 Jul 2020 06:14:04 GMT" time="22.136" errors="0">
  <testcase name="f" time="22.136" classname="com.tests.EmployeeRegistrationTest"/>
</testsuite> <!-- com.tests.EmployeeRegistrationTest -->
