<?xml version="1.0" encoding="UTF-8"?>
<!-- Generated by org.testng.reporters.JUnitReportReporter -->
<testsuite hostname="DESKTOP-FJBLVPL" name="com.tests.AssignLeaveTest" tests="1" failures="0" timestamp="5 Jul 2020 06:14:04 GMT" time="26.558" errors="0">
  <testcase name="assignLeave" time="26.558" classname="com.tests.AssignLeaveTest"/>
</testsuite> <!-- com.tests.AssignLeaveTest -->
